0 info it worked if it ends with ok
1 verbose cli [ '/Users/162885/.nvm/versions/node/v5.6.0/bin/node',
1 verbose cli   '/Users/162885/.nvm/versions/node/v5.6.0/bin/npm',
1 verbose cli   'run',
1 verbose cli   'build' ]
2 info using npm@3.10.5
3 info using node@v5.6.0
4 verbose run-script [ 'prebuild', 'build', 'postbuild' ]
5 info lifecycle gitsocial@0.0.1~prebuild: gitsocial@0.0.1
6 silly lifecycle gitsocial@0.0.1~prebuild: no script for prebuild, continuing
7 info lifecycle gitsocial@0.0.1~build: gitsocial@0.0.1
8 verbose lifecycle gitsocial@0.0.1~build: unsafe-perm in lifecycle true
9 verbose lifecycle gitsocial@0.0.1~build: PATH: /Users/162885/.nvm/versions/node/v5.6.0/lib/node_modules/npm/bin/node-gyp-bin:/Users/162885/Git/GitSocial/node_modules/.bin:/Users/162885/.nvm/versions/node/v5.6.0/bin:/Users/162885/.nvm/versions/node/v5.6.0/bin:/usr/local/bin:/usr/bin:/bin:/usr/sbin:/sbin:/Users/162885/Applications:/Users/162885/Applications/aws-keychain
10 verbose lifecycle gitsocial@0.0.1~build: CWD: /Users/162885/Git/GitSocial
11 silly lifecycle gitsocial@0.0.1~build: Args: [ '-c', 'vbuild' ]
12 silly lifecycle gitsocial@0.0.1~build: Returned: code: 1  signal: null
13 info lifecycle gitsocial@0.0.1~build: Failed to exec build script
14 verbose stack Error: gitsocial@0.0.1 build: `vbuild`
14 verbose stack Exit status 1
14 verbose stack     at EventEmitter.<anonymous> (/Users/162885/.nvm/versions/node/v5.6.0/lib/node_modules/npm/lib/utils/lifecycle.js:242:16)
14 verbose stack     at emitTwo (events.js:100:13)
14 verbose stack     at EventEmitter.emit (events.js:185:7)
14 verbose stack     at ChildProcess.<anonymous> (/Users/162885/.nvm/versions/node/v5.6.0/lib/node_modules/npm/lib/utils/spawn.js:40:14)
14 verbose stack     at emitTwo (events.js:100:13)
14 verbose stack     at ChildProcess.emit (events.js:185:7)
14 verbose stack     at maybeClose (internal/child_process.js:827:16)
14 verbose stack     at Process.ChildProcess._handle.onexit (internal/child_process.js:211:5)
15 verbose pkgid gitsocial@0.0.1
16 verbose cwd /Users/162885/Git/GitSocial
17 error Darwin 15.6.0
18 error argv "/Users/162885/.nvm/versions/node/v5.6.0/bin/node" "/Users/162885/.nvm/versions/node/v5.6.0/bin/npm" "run" "build"
19 error node v5.6.0
20 error npm  v3.10.5
21 error code ELIFECYCLE
22 error gitsocial@0.0.1 build: `vbuild`
22 error Exit status 1
23 error Failed at the gitsocial@0.0.1 build script 'vbuild'.
23 error Make sure you have the latest version of node.js and npm installed.
23 error If you do, this is most likely a problem with the gitsocial package,
23 error not with npm itself.
23 error Tell the author that this fails on your system:
23 error     vbuild
23 error You can get information on how to open an issue for this project with:
23 error     npm bugs gitsocial
23 error Or if that isn't available, you can get their info via:
23 error     npm owner ls gitsocial
23 error There is likely additional logging output above.
24 verbose exit [ 1, true ]
